{
  "RSpec": {
    "coverage": {
      "/Users/sunny/Desktop/s-killer/init.rb": {
        "lines": [
          null,
          null,
          1,
          2,
          null
        ]
      },
      "/Users/sunny/Desktop/s-killer/config/init.rb": {
        "lines": [
          null,
          null,
          1
        ]
      },
      "/Users/sunny/Desktop/s-killer/config/environment.rb": {
        "lines": [
          null,
          null,
          null,
          null,
          1,
          1,
          1,
          1,
          1,
          null,
          1,
          null,
          1,
          1,
          null,
          1,
          null,
          1,
          null,
          null,
          null,
          1,
          null,
          null,
          1,
          3,
          null,
          null,
          1,
          1,
          null,
          null,
          null,
          1,
          null,
          1,
          9,
          null,
          null,
          null,
          1,
          null,
          null
        ]
      },
      "/Users/sunny/Desktop/s-killer/app/init.rb": {
        "lines": [
          null,
          null,
          1,
          1,
          4,
          null
        ]
      },
      "/Users/sunny/Desktop/s-killer/app/infrastructure/init.rb": {
        "lines": [
          null,
          null,
          1,
          1,
          4,
          null
        ]
      },
      "/Users/sunny/Desktop/s-killer/app/infrastructure/database/init.rb": {
        "lines": [
          null,
          null,
          1,
          1,
          1,
          null
        ]
      },
      "/Users/sunny/Desktop/s-killer/app/infrastructure/database/orm/init.rb": {
        "lines": [
          null,
          null,
          1,
          5,
          null
        ]
      },
      "/Users/sunny/Desktop/s-killer/app/infrastructure/database/orm/job_orm.rb": {
        "lines": [
          null,
          null,
          null,
          null,
          1,
          null,
          1,
          1,
          null,
          1,
          1,
          null,
          null,
          null,
          1,
          null,
          1,
          81,
          81,
          81,
          null,
          null,
          null,
          null,
          null,
          null,
          null,
          null,
          null,
          null,
          null,
          null,
          null,
          null
        ]
      },
      "/Users/sunny/Desktop/s-killer/app/infrastructure/database/orm/job_skill_orm.rb": {
        "lines": [
          null,
          null,
          1,
          null,
          1,
          1,
          null,
          1,
          1,
          null,
          null,
          null,
          1,
          null,
          null,
          null,
          1,
          10,
          null,
          null,
          null,
          null
        ]
      },
      "/Users/sunny/Desktop/s-killer/app/infrastructure/database/orm/query_job_orm.rb": {
        "lines": [
          null,
          null,
          1,
          null,
          1,
          1,
          null,
          1,
          1,
          null,
          null,
          null,
          1,
          20,
          null,
          null,
          null,
          null
        ]
      },
      "/Users/sunny/Desktop/s-killer/app/infrastructure/database/orm/skill_orm.rb": {
        "lines": [
          null,
          null,
          1,
          null,
          1,
          1,
          null,
          1,
          1,
          null,
          null,
          null,
          1,
          12,
          null,
          null,
          null,
          null
        ]
      },
      "/Users/sunny/Desktop/s-killer/app/infrastructure/skill_extractor/init.rb": {
        "lines": [
          null,
          null,
          1,
          2,
          null
        ]
      },
      "/Users/sunny/Desktop/s-killer/app/infrastructure/skill_extractor/extractor.rb": {
        "lines": [
          null,
          null,
          1,
          1,
          null,
          1,
          1,
          null,
          1,
          1,
          1,
          null,
          1,
          4,
          4,
          4,
          4,
          null,
          null,
          1,
          2,
          2,
          null,
          null,
          1,
          5,
          null,
          4,
          4,
          null,
          null,
          1,
          3,
          3,
          3,
          3,
          null,
          null,
          1,
          4,
          4,
          null,
          null,
          null,
          null
        ]
      },
      "/Users/sunny/Desktop/s-killer/app/infrastructure/reed/init.rb": {
        "lines": [
          null,
          null,
          1,
          2,
          null
        ]
      },
      "/Users/sunny/Desktop/s-killer/app/infrastructure/reed/reed_api.rb": {
        "lines": [
          null,
          null,
          1,
          1,
          1,
          null,
          1,
          null,
          1,
          null,
          1,
          null,
          1,
          null,
          1,
          null,
          1,
          null,
          1,
          null,
          null,
          null,
          1,
          1,
          1,
          null,
          null,
          1,
          null,
          null,
          null,
          null,
          null,
          1,
          29,
          null,
          null,
          null,
          1,
          27,
          null,
          27,
          null,
          null,
          null,
          1,
          106,
          null,
          106,
          null,
          null,
          null,
          null
        ]
      },
      "/Users/sunny/Desktop/s-killer/app/infrastructure/http_response.rb": {
        "lines": [
          null,
          null,
          null,
          1,
          1,
          139,
          139,
          null,
          null,
          1,
          139,
          null,
          135,
          null,
          null,
          1,
          139,
          null,
          null
        ]
      },
      "/Users/sunny/Desktop/s-killer/app/infrastructure/freecurrency/init.rb": {
        "lines": [
          null,
          null,
          1,
          2,
          null
        ]
      },
      "/Users/sunny/Desktop/s-killer/app/infrastructure/freecurrency/freecurrency_api.rb": {
        "lines": [
          null,
          null,
          1,
          1,
          1,
          null,
          1,
          null,
          1,
          null,
          1,
          null,
          1,
          null,
          1,
          null,
          1,
          null,
          1,
          null,
          null,
          null,
          1,
          1,
          null,
          null,
          1,
          null,
          null,
          null,
          null,
          null,
          1,
          7,
          null,
          null,
          null,
          1,
          6,
          6,
          null,
          null,
          null,
          null
        ]
      },
      "/Users/sunny/Desktop/s-killer/app/domain/init.rb": {
        "lines": [
          null,
          null,
          1,
          1,
          2,
          null
        ]
      },
      "/Users/sunny/Desktop/s-killer/app/domain/jobs/init.rb": {
        "lines": [
          null,
          null,
          1,
          1,
          4,
          8,
          null,
          null
        ]
      },
      "/Users/sunny/Desktop/s-killer/app/domain/jobs/entities/job.rb": {
        "lines": [
          null,
          null,
          1,
          1,
          null,
          1,
          1,
          null,
          1,
          1,
          1,
          1,
          1,
          1,
          1,
          1,
          1,
          1,
          null,
          null,
          null
        ]
      },
      "/Users/sunny/Desktop/s-killer/app/domain/jobs/values/salary.rb": {
        "lines": [
          null,
          null,
          1,
          null,
          1,
          1,
          null,
          1,
          1,
          1,
          1,
          1,
          null,
          null,
          1,
          1,
          null,
          1,
          null,
          null,
          1,
          1,
          null,
          1,
          null,
          null,
          null,
          null,
          null,
          null,
          null,
          null
        ]
      },
      "/Users/sunny/Desktop/s-killer/app/domain/jobs/repositories/for.rb": {
        "lines": [
          null,
          null,
          1,
          null,
          1,
          1,
          null,
          1,
          null,
          1,
          null,
          null,
          1,
          0,
          null,
          null,
          1,
          80,
          null,
          null,
          null,
          null
        ]
      },
      "/Users/sunny/Desktop/s-killer/app/domain/jobs/repositories/jobs.rb": {
        "lines": [
          null,
          null,
          1,
          1,
          null,
          1,
          1,
          0,
          null,
          null,
          1,
          1,
          null,
          null,
          1,
          1,
          null,
          null,
          1,
          0,
          0,
          null,
          null,
          1,
          81,
          null,
          null,
          1,
          1,
          1,
          1,
          null,
          null,
          null,
          null,
          null,
          null,
          null,
          null,
          null,
          null,
          null,
          null,
          null,
          1,
          106,
          null,
          106,
          null,
          null,
          null,
          null,
          null,
          null,
          null,
          null,
          null,
          null,
          null,
          null,
          null,
          null,
          null,
          null,
          null
        ]
      },
      "/Users/sunny/Desktop/s-killer/app/domain/jobs/repositories/init.rb": {
        "lines": [
          null,
          null,
          1,
          1
        ]
      },
      "/Users/sunny/Desktop/s-killer/app/domain/jobs/repositories/queries_jobs.rb": {
        "lines": [
          null,
          null,
          1,
          1,
          null,
          1,
          1,
          1,
          10,
          null,
          null,
          null,
          1,
          1,
          10,
          null,
          1,
          null,
          null,
          1,
          0,
          0,
          null,
          0,
          null,
          null,
          null,
          1,
          2,
          20,
          null,
          null,
          null,
          null,
          null
        ]
      },
      "/Users/sunny/Desktop/s-killer/app/domain/jobs/mappers/freecurrency_mappers/exchange_rate_mapper.rb": {
        "lines": [
          null,
          null,
          1,
          null,
          1,
          1,
          null,
          1,
          1,
          4,
          4,
          null,
          null,
          1,
          4,
          null,
          3,
          3,
          null,
          2,
          null,
          null,
          null,
          null
        ]
      },
      "/Users/sunny/Desktop/s-killer/app/domain/jobs/mappers/reed_mappers/job_mapper.rb": {
        "lines": [
          null,
          null,
          1,
          null,
          1,
          1,
          null,
          1,
          1,
          25,
          25,
          null,
          null,
          null,
          1,
          25,
          2543,
          null,
          null,
          null,
          1,
          104,
          104,
          null,
          null,
          null,
          1,
          1,
          2622,
          2622,
          2622,
          null,
          null,
          1,
          2622,
          null,
          null,
          null,
          null,
          null,
          null,
          null,
          null,
          null,
          null,
          null,
          null,
          null,
          null,
          null,
          null,
          null,
          null
        ]
      },
      "/Users/sunny/Desktop/s-killer/app/domain/skills/init.rb": {
        "lines": [
          null,
          null,
          1,
          1,
          3,
          4,
          null,
          null
        ]
      },
      "/Users/sunny/Desktop/s-killer/app/domain/skills/entities/skill.rb": {
        "lines": [
          null,
          null,
          1,
          1,
          null,
          1,
          1,
          null,
          1,
          1,
          1,
          1,
          1,
          1,
          null,
          null,
          null
        ]
      },
      "/Users/sunny/Desktop/s-killer/app/domain/skills/repositories/jobs_skills.rb": {
        "lines": [
          null,
          null,
          1,
          1,
          null,
          1,
          1,
          11,
          4,
          null,
          null,
          null,
          1,
          14,
          null,
          14,
          14,
          null,
          null,
          null,
          null,
          null,
          null,
          1,
          2,
          null,
          null,
          1,
          5,
          10,
          10,
          10,
          null,
          null,
          null,
          null,
          null
        ]
      },
      "/Users/sunny/Desktop/s-killer/app/domain/skills/repositories/skills.rb": {
        "lines": [
          null,
          null,
          1,
          1,
          null,
          1,
          1,
          2,
          2,
          null,
          null,
          1,
          16,
          null,
          16,
          null,
          null,
          null,
          null,
          null,
          null,
          null,
          null,
          null
        ]
      },
      "/Users/sunny/Desktop/s-killer/app/domain/skills/mappers/skill_mapper.rb": {
        "lines": [
          null,
          null,
          1,
          1,
          null,
          1,
          1,
          2,
          null,
          1,
          1,
          null,
          null,
          null,
          1,
          1,
          2,
          null,
          null,
          null,
          1,
          1,
          1,
          1,
          null,
          null,
          1,
          null,
          1,
          null,
          null,
          null,
          null,
          null,
          null,
          null,
          null,
          null,
          null
        ]
      },
      "/Users/sunny/Desktop/s-killer/app/presentation/init.rb": {
        "lines": [
          null,
          null,
          1,
          1,
          1,
          null
        ]
      },
      "/Users/sunny/Desktop/s-killer/app/presentation/view_objects/init.rb": {
        "lines": [
          null,
          null,
          1,
          4,
          null
        ]
      },
      "/Users/sunny/Desktop/s-killer/app/presentation/view_objects/job.rb": {
        "lines": [
          null,
          null,
          1,
          null,
          1,
          null,
          1,
          1,
          5,
          5,
          null,
          null,
          1,
          1,
          null,
          null,
          1,
          1,
          null,
          null,
          1,
          1,
          null,
          null,
          1,
          2,
          2,
          null,
          null,
          null,
          null,
          1,
          2,
          null,
          null,
          2,
          2,
          null,
          null,
          null
        ]
      },
      "/Users/sunny/Desktop/s-killer/app/presentation/view_objects/skill.rb": {
        "lines": [
          null,
          null,
          1,
          null,
          1,
          1,
          null,
          1,
          14,
          14,
          null,
          null,
          1,
          1,
          null,
          null,
          1,
          4,
          null,
          3,
          null,
          null,
          1,
          4,
          null,
          3,
          null,
          null,
          1,
          11,
          11,
          null,
          null,
          1,
          11,
          11,
          null,
          null,
          1,
          6,
          null,
          null,
          1,
          null,
          null,
          null,
          null
        ]
      },
      "/Users/sunny/Desktop/s-killer/app/presentation/view_objects/skilljob.rb": {
        "lines": [
          null,
          null,
          1,
          1,
          null,
          1,
          null,
          1,
          1,
          4,
          4,
          4,
          null,
          null,
          1,
          2,
          2,
          null,
          null,
          1,
          3,
          null,
          null,
          1,
          1,
          1,
          null,
          null,
          null,
          1,
          1,
          1,
          null,
          null,
          null,
          null,
          null,
          1,
          4,
          null,
          11,
          null,
          3,
          null,
          null,
          1,
          3,
          3,
          null,
          null,
          1,
          3,
          8,
          8,
          null,
          null,
          null,
          1,
          25,
          null,
          null,
          null
        ]
      },
      "/Users/sunny/Desktop/s-killer/app/controllers/init.rb": {
        "lines": [
          null,
          null,
          1,
          2,
          null
        ]
      },
      "/Users/sunny/Desktop/s-killer/app/controllers/app.rb": {
        "lines": [
          null,
          null,
          1,
          1,
          1,
          null,
          1,
          null,
          1,
          null,
          1,
          1,
          1,
          1,
          null,
          1,
          null,
          0,
          0,
          null,
          0,
          null,
          null,
          null,
          0,
          0,
          0,
          null,
          null,
          null,
          0,
          0,
          null,
          0,
          null,
          null,
          null,
          0,
          0,
          0,
          0,
          null,
          null,
          0,
          0,
          null,
          null,
          null,
          0,
          0,
          0,
          0,
          null,
          null,
          0,
          0,
          null,
          0,
          0,
          null,
          null,
          null,
          null,
          null,
          null,
          null,
          1,
          1,
          0,
          0,
          0,
          0,
          null,
          null,
          1,
          0,
          0,
          null,
          0,
          0,
          null,
          null,
          null,
          1,
          0,
          0,
          null,
          0,
          null,
          null,
          null,
          1,
          0,
          0,
          0,
          null,
          null,
          1,
          null,
          0,
          0,
          0,
          null,
          0,
          0,
          0,
          null,
          null,
          null,
          null,
          1,
          0,
          0,
          0,
          null,
          null,
          null,
          1,
          0,
          0,
          0,
          0,
          null,
          null,
          null,
          null
        ]
      },
      "/Users/sunny/Desktop/s-killer/spec/helpers/database_helper.rb": {
        "lines": [
          null,
          null,
          1,
          null,
          1,
          null,
          1,
          1,
          9,
          9,
          54,
          null,
          null,
          null
        ]
      },
      "/Users/sunny/Desktop/s-killer/spec/tests/integration/skill_spec.rb": {
        "lines": [
          null,
          null,
          1,
          null,
          1,
          1,
          1,
          3,
          3,
          null,
          null,
          null,
          null,
          null,
          null,
          null,
          null,
          null,
          1,
          1,
          1,
          1,
          null,
          null,
          1,
          1,
          2,
          null,
          null,
          1,
          1,
          1,
          null,
          null,
          null,
          1,
          1,
          1,
          1,
          null,
          null,
          null,
          null,
          null,
          null,
          null,
          1,
          1,
          null,
          null,
          null,
          1,
          1,
          1,
          null,
          null,
          null,
          null,
          null,
          null,
          null,
          1,
          1,
          1,
          null,
          null,
          null,
          null
        ]
      },
      "/Users/sunny/Desktop/s-killer/spec/tests/integration/view_objects_spec.rb": {
        "lines": [
          null,
          null,
          null,
          1,
          null,
          1,
          1,
          1,
          3,
          3,
          null,
          null,
          null,
          null,
          null,
          null,
          null,
          3,
          null,
          null,
          1,
          1,
          1,
          null,
          null,
          1,
          1,
          null,
          null,
          1,
          1,
          null,
          null,
          null,
          1,
          1,
          1,
          null,
          null,
          null,
          1,
          1,
          1,
          1,
          null,
          null,
          1,
          1,
          1,
          null,
          null,
          null,
          1,
          1,
          1,
          null,
          null,
          1,
          1,
          1,
          1,
          1,
          null,
          null,
          1,
          null,
          null,
          null,
          1,
          1,
          1,
          null,
          1,
          1,
          null,
          null,
          null,
          1,
          1,
          1,
          null,
          null,
          1,
          1,
          null,
          null,
          null,
          1,
          1,
          1,
          null,
          1,
          null,
          null,
          1,
          1,
          2,
          null,
          null,
          null,
          1,
          1,
          null,
          1,
          null,
          null,
          null,
          null,
          null,
          null,
          null,
          null,
          1,
          1,
          1,
          null,
          null,
          1,
          1,
          1,
          null,
          null,
          null,
          null,
          null,
          null,
          null,
          null,
          null,
          null,
          null,
          null,
          null,
          null,
          null,
          null,
          1,
          1,
          2,
          null,
          null,
          null,
          1,
          1,
          1,
          1,
          null,
          1,
          null,
          null,
          null,
          1,
          1,
          1,
          1,
          1,
          null,
          null,
          null
        ]
      },
      "/Users/sunny/Desktop/s-killer/spec/tests/unit/freecurrency_spec.rb": {
        "lines": [
          null,
          null,
          1,
          null,
          1,
          1,
          null,
          1,
          6,
          null,
          null,
          1,
          6,
          null,
          null,
          1,
          1,
          1,
          1,
          null,
          null,
          1,
          1,
          1,
          null,
          null,
          null,
          1,
          1,
          1,
          null,
          null,
          null,
          null,
          1,
          1,
          1,
          1,
          null,
          null,
          1,
          1,
          1,
          null,
          null,
          1,
          1,
          1,
          null,
          null,
          null,
          null
        ]
      },
      "/Users/sunny/Desktop/s-killer/spec/tests/unit/reed_spec.rb": {
        "lines": [
          null,
          null,
          1,
          null,
          1,
          1,
          null,
          1,
          19,
          null,
          null,
          1,
          19,
          null,
          null,
          1,
          1,
          1,
          1,
          null,
          null,
          1,
          1,
          1,
          null,
          null,
          null,
          null,
          1,
          1,
          101,
          null,
          null,
          1,
          1,
          1,
          1,
          1,
          null,
          null,
          1,
          1,
          1,
          null,
          null,
          null,
          null,
          1,
          1,
          14,
          14,
          14,
          14,
          null,
          null,
          1,
          1,
          null,
          null,
          1,
          1,
          null,
          null,
          1,
          1,
          null,
          null,
          1,
          1,
          5,
          null,
          null,
          1,
          1,
          null,
          null,
          1,
          1,
          null,
          null,
          1,
          1,
          null,
          null,
          1,
          1,
          0,
          null,
          1,
          null,
          null,
          null,
          1,
          1,
          1,
          null,
          null,
          null,
          1,
          1,
          null,
          null,
          1,
          1,
          null,
          null,
          1,
          1,
          null,
          null,
          1,
          1,
          null,
          null,
          1,
          1,
          null,
          null,
          1,
          1,
          null,
          null,
          null
        ]
      }
    },
    "timestamp": 1637526151
  }
}
